This file contains any messages produced by compilers while
running configure, to aid debugging if configure makes a mistake.

It was created by ethercat configure 1.5.2, which was
generated by GNU Autoconf 2.69.  Invocation command line was

  $ ./configure --disable-8139too --with-e1000e-kernel=4.9

## --------- ##
## Platform. ##
## --------- ##

hostname = mikekaram
uname -m = x86_64
uname -r = 4.15.0-34-generic
uname -s = Linux
uname -v = #37~16.04.1-Ubuntu SMP Tue Aug 28 10:44:06 UTC 2018

/usr/bin/uname -p = unknown
/bin/uname -X     = unknown

/bin/arch              = unknown
/usr/bin/arch -k       = unknown
/usr/convex/getsysinfo = unknown
/usr/bin/hostinfo      = unknown
/bin/machine           = unknown
/usr/bin/oslevel       = unknown
/bin/universe          = unknown

PATH: /opt/ros/kinetic/bin
PATH: /home/mike/bin
PATH: /home/mike/.local/bin
PATH: /home/mike/bin
PATH: /home/mike/.local/bin
PATH: /usr/local/sbin
PATH: /usr/local/bin
PATH: /usr/sbin
PATH: /usr/bin
PATH: /sbin
PATH: /bin
PATH: /usr/games
PATH: /usr/local/games
PATH: /snap/bin


## ----------- ##
## Core tests. ##
## ----------- ##

configure:2482: checking for a BSD-compatible install
configure:2550: result: /usr/bin/install -c
configure:2561: checking whether build environment is sane
configure:2616: result: yes
configure:2767: checking for a thread-safe mkdir -p
configure:2806: result: /bin/mkdir -p
configure:2813: checking for gawk
configure:2829: found /usr/bin/gawk
configure:2840: result: gawk
configure:2851: checking whether make sets $(MAKE)
configure:2873: result: yes
configure:2902: checking whether make supports nested variables
configure:2919: result: yes
configure:3067: checking for style of include used by make
configure:3095: result: GNU
configure:3166: checking for gcc
configure:3182: found /usr/bin/gcc
configure:3193: result: gcc
configure:3422: checking for C compiler version
configure:3431: gcc --version >&5
gcc (Ubuntu 5.4.0-6ubuntu1~16.04.10) 5.4.0 20160609
Copyright (C) 2015 Free Software Foundation, Inc.
This is free software; see the source for copying conditions.  There is NO
warranty; not even for MERCHANTABILITY or FITNESS FOR A PARTICULAR PURPOSE.

configure:3442: $? = 0
configure:3431: gcc -v >&5
Using built-in specs.
COLLECT_GCC=gcc
COLLECT_LTO_WRAPPER=/usr/lib/gcc/x86_64-linux-gnu/5/lto-wrapper
Target: x86_64-linux-gnu
Configured with: ../src/configure -v --with-pkgversion='Ubuntu 5.4.0-6ubuntu1~16.04.10' --with-bugurl=file:///usr/share/doc/gcc-5/README.Bugs --enable-languages=c,ada,c++,java,go,d,fortran,objc,obj-c++ --prefix=/usr --program-suffix=-5 --enable-shared --enable-linker-build-id --libexecdir=/usr/lib --without-included-gettext --enable-threads=posix --libdir=/usr/lib --enable-nls --with-sysroot=/ --enable-clocale=gnu --enable-libstdcxx-debug --enable-libstdcxx-time=yes --with-default-libstdcxx-abi=new --enable-gnu-unique-object --disable-vtable-verify --enable-libmpx --enable-plugin --with-system-zlib --disable-browser-plugin --enable-java-awt=gtk --enable-gtk-cairo --with-java-home=/usr/lib/jvm/java-1.5.0-gcj-5-amd64/jre --enable-java-home --with-jvm-root-dir=/usr/lib/jvm/java-1.5.0-gcj-5-amd64 --with-jvm-jar-dir=/usr/lib/jvm-exports/java-1.5.0-gcj-5-amd64 --with-arch-directory=amd64 --with-ecj-jar=/usr/share/java/eclipse-ecj.jar --enable-objc-gc --enable-multiarch --disable-werror --with-arch-32=i686 --with-abi=m64 --with-multilib-list=m32,m64,mx32 --enable-multilib --with-tune=generic --enable-checking=release --build=x86_64-linux-gnu --host=x86_64-linux-gnu --target=x86_64-linux-gnu
Thread model: posix
gcc version 5.4.0 20160609 (Ubuntu 5.4.0-6ubuntu1~16.04.10) 
configure:3442: $? = 0
configure:3431: gcc -V >&5
gcc: error: unrecognized command line option '-V'
gcc: fatal error: no input files
compilation terminated.
configure:3442: $? = 1
configure:3431: gcc -qversion >&5
gcc: error: unrecognized command line option '-qversion'
gcc: fatal error: no input files
compilation terminated.
configure:3442: $? = 1
configure:3462: checking whether the C compiler works
configure:3484: gcc    conftest.c  >&5
configure:3488: $? = 0
configure:3536: result: yes
configure:3539: checking for C compiler default output file name
configure:3541: result: a.out
configure:3547: checking for suffix of executables
configure:3554: gcc -o conftest    conftest.c  >&5
configure:3558: $? = 0
configure:3580: result: 
configure:3602: checking whether we are cross compiling
configure:3610: gcc -o conftest    conftest.c  >&5
configure:3614: $? = 0
configure:3621: ./conftest
configure:3625: $? = 0
configure:3640: result: no
configure:3645: checking for suffix of object files
configure:3667: gcc -c   conftest.c >&5
configure:3671: $? = 0
configure:3692: result: o
configure:3696: checking whether we are using the GNU C compiler
configure:3715: gcc -c   conftest.c >&5
configure:3715: $? = 0
configure:3724: result: yes
configure:3733: checking whether gcc accepts -g
configure:3753: gcc -c -g  conftest.c >&5
configure:3753: $? = 0
configure:3794: result: yes
configure:3811: checking for gcc option to accept ISO C89
configure:3874: gcc  -c -g -O2  conftest.c >&5
configure:3874: $? = 0
configure:3887: result: none needed
configure:3912: checking whether gcc understands -c and -o together
configure:3934: gcc -c conftest.c -o conftest2.o
configure:3937: $? = 0
configure:3934: gcc -c conftest.c -o conftest2.o
configure:3937: $? = 0
configure:3949: result: yes
configure:3968: checking dependency style of gcc
configure:4079: result: gcc3
configure:4145: checking for ar
configure:4161: found /usr/bin/ar
configure:4172: result: ar
configure:4198: checking the archiver (ar) interface
configure:4214: gcc -c -g -O2  conftest.c >&5
configure:4214: $? = 0
configure:4216: ar cru libconftest.a conftest.o >&5
ar: `u' modifier ignored since `D' is the default (see `U')
configure:4219: $? = 0
configure:4247: result: ar
configure:4325: checking for g++
configure:4341: found /usr/bin/g++
configure:4352: result: g++
configure:4379: checking for C++ compiler version
configure:4388: g++ --version >&5
g++ (Ubuntu 5.4.0-6ubuntu1~16.04.10) 5.4.0 20160609
Copyright (C) 2015 Free Software Foundation, Inc.
This is free software; see the source for copying conditions.  There is NO
warranty; not even for MERCHANTABILITY or FITNESS FOR A PARTICULAR PURPOSE.

configure:4399: $? = 0
configure:4388: g++ -v >&5
Using built-in specs.
COLLECT_GCC=g++
COLLECT_LTO_WRAPPER=/usr/lib/gcc/x86_64-linux-gnu/5/lto-wrapper
Target: x86_64-linux-gnu
Configured with: ../src/configure -v --with-pkgversion='Ubuntu 5.4.0-6ubuntu1~16.04.10' --with-bugurl=file:///usr/share/doc/gcc-5/README.Bugs --enable-languages=c,ada,c++,java,go,d,fortran,objc,obj-c++ --prefix=/usr --program-suffix=-5 --enable-shared --enable-linker-build-id --libexecdir=/usr/lib --without-included-gettext --enable-threads=posix --libdir=/usr/lib --enable-nls --with-sysroot=/ --enable-clocale=gnu --enable-libstdcxx-debug --enable-libstdcxx-time=yes --with-default-libstdcxx-abi=new --enable-gnu-unique-object --disable-vtable-verify --enable-libmpx --enable-plugin --with-system-zlib --disable-browser-plugin --enable-java-awt=gtk --enable-gtk-cairo --with-java-home=/usr/lib/jvm/java-1.5.0-gcj-5-amd64/jre --enable-java-home --with-jvm-root-dir=/usr/lib/jvm/java-1.5.0-gcj-5-amd64 --with-jvm-jar-dir=/usr/lib/jvm-exports/java-1.5.0-gcj-5-amd64 --with-arch-directory=amd64 --with-ecj-jar=/usr/share/java/eclipse-ecj.jar --enable-objc-gc --enable-multiarch --disable-werror --with-arch-32=i686 --with-abi=m64 --with-multilib-list=m32,m64,mx32 --enable-multilib --with-tune=generic --enable-checking=release --build=x86_64-linux-gnu --host=x86_64-linux-gnu --target=x86_64-linux-gnu
Thread model: posix
gcc version 5.4.0 20160609 (Ubuntu 5.4.0-6ubuntu1~16.04.10) 
configure:4399: $? = 0
configure:4388: g++ -V >&5
g++: error: unrecognized command line option '-V'
g++: fatal error: no input files
compilation terminated.
configure:4399: $? = 1
configure:4388: g++ -qversion >&5
g++: error: unrecognized command line option '-qversion'
g++: fatal error: no input files
compilation terminated.
configure:4399: $? = 1
configure:4403: checking whether we are using the GNU C++ compiler
configure:4422: g++ -c   conftest.cpp >&5
configure:4422: $? = 0
configure:4431: result: yes
configure:4440: checking whether g++ accepts -g
configure:4460: g++ -c -g  conftest.cpp >&5
configure:4460: $? = 0
configure:4501: result: yes
configure:4526: checking dependency style of g++
configure:4637: result: gcc3
configure:4681: checking build system type
configure:4695: result: x86_64-pc-linux-gnu
configure:4715: checking host system type
configure:4728: result: x86_64-pc-linux-gnu
configure:4769: checking how to print strings
configure:4796: result: printf
configure:4817: checking for a sed that does not truncate output
configure:4881: result: /bin/sed
configure:4899: checking for grep that handles long lines and -e
configure:4957: result: /bin/grep
configure:4962: checking for egrep
configure:5024: result: /bin/grep -E
configure:5029: checking for fgrep
configure:5091: result: /bin/grep -F
configure:5126: checking for ld used by gcc
configure:5193: result: /usr/bin/ld
configure:5200: checking if the linker (/usr/bin/ld) is GNU ld
configure:5215: result: yes
configure:5227: checking for BSD- or MS-compatible name lister (nm)
configure:5281: result: /usr/bin/nm -B
configure:5411: checking the name lister (/usr/bin/nm -B) interface
configure:5418: gcc -c -g -O2  conftest.c >&5
configure:5421: /usr/bin/nm -B "conftest.o"
configure:5424: output
0000000000000000 B some_variable
configure:5431: result: BSD nm
configure:5434: checking whether ln -s works
configure:5438: result: yes
configure:5446: checking the maximum length of command line arguments
configure:5577: result: 1572864
configure:5625: checking how to convert x86_64-pc-linux-gnu file names to x86_64-pc-linux-gnu format
configure:5665: result: func_convert_file_noop
configure:5672: checking how to convert x86_64-pc-linux-gnu file names to toolchain format
configure:5692: result: func_convert_file_noop
configure:5699: checking for /usr/bin/ld option to reload object files
configure:5706: result: -r
configure:5780: checking for objdump
configure:5796: found /usr/bin/objdump
configure:5807: result: objdump
configure:5839: checking how to recognize dependent libraries
configure:6039: result: pass_all
configure:6124: checking for dlltool
configure:6154: result: no
configure:6184: checking how to associate runtime and link libraries
configure:6211: result: printf %s\n
configure:6335: checking for archiver @FILE support
configure:6352: gcc -c -g -O2  conftest.c >&5
configure:6352: $? = 0
configure:6355: ar cru libconftest.a @conftest.lst >&5
ar: `u' modifier ignored since `D' is the default (see `U')
configure:6358: $? = 0
configure:6363: ar cru libconftest.a @conftest.lst >&5
ar: `u' modifier ignored since `D' is the default (see `U')
ar: conftest.o: No such file or directory
configure:6366: $? = 1
configure:6378: result: @
configure:6436: checking for strip
configure:6452: found /usr/bin/strip
configure:6463: result: strip
configure:6535: checking for ranlib
configure:6551: found /usr/bin/ranlib
configure:6562: result: ranlib
configure:6664: checking command to parse /usr/bin/nm -B output from gcc object
configure:6817: gcc -c -g -O2  conftest.c >&5
configure:6820: $? = 0
configure:6824: /usr/bin/nm -B conftest.o \| sed -n -e 's/^.*[ ]\([ABCDGIRSTW][ABCDGIRSTW]*\)[ ][ ]*\([_A-Za-z][_A-Za-z0-9]*\)$/\1 \2 \2/p' | sed '/ __gnu_lto/d' \> conftest.nm
configure:6827: $? = 0
configure:6893: gcc -o conftest -g -O2   conftest.c conftstm.o >&5
configure:6896: $? = 0
configure:6934: result: ok
configure:6981: checking for sysroot
configure:7011: result: no
configure:7018: checking for a working dd
configure:7056: result: /bin/dd
configure:7060: checking how to truncate binary pipes
configure:7075: result: /bin/dd bs=4096 count=1
configure:7211: gcc -c -g -O2  conftest.c >&5
configure:7214: $? = 0
configure:7404: checking for mt
configure:7420: found /bin/mt
configure:7431: result: mt
configure:7454: checking if mt is a manifest tool
configure:7460: mt '-?'
configure:7468: result: no
configure:8145: checking how to run the C preprocessor
configure:8176: gcc -E  conftest.c
configure:8176: $? = 0
configure:8190: gcc -E  conftest.c
conftest.c:11:28: fatal error: ac_nonexistent.h: No such file or directory
compilation terminated.
configure:8190: $? = 1
configure: failed program was:
| /* confdefs.h */
| #define PACKAGE_NAME "ethercat"
| #define PACKAGE_TARNAME "ethercat"
| #define PACKAGE_VERSION "1.5.2"
| #define PACKAGE_STRING "ethercat 1.5.2"
| #define PACKAGE_BUGREPORT "fp@igh-essen.com"
| #define PACKAGE_URL ""
| #define PACKAGE "ethercat"
| #define VERSION "1.5.2"
| /* end confdefs.h.  */
| #include <ac_nonexistent.h>
configure:8215: result: gcc -E
configure:8235: gcc -E  conftest.c
configure:8235: $? = 0
configure:8249: gcc -E  conftest.c
conftest.c:11:28: fatal error: ac_nonexistent.h: No such file or directory
compilation terminated.
configure:8249: $? = 1
configure: failed program was:
| /* confdefs.h */
| #define PACKAGE_NAME "ethercat"
| #define PACKAGE_TARNAME "ethercat"
| #define PACKAGE_VERSION "1.5.2"
| #define PACKAGE_STRING "ethercat 1.5.2"
| #define PACKAGE_BUGREPORT "fp@igh-essen.com"
| #define PACKAGE_URL ""
| #define PACKAGE "ethercat"
| #define VERSION "1.5.2"
| /* end confdefs.h.  */
| #include <ac_nonexistent.h>
configure:8278: checking for ANSI C header files
configure:8298: gcc -c -g -O2  conftest.c >&5
configure:8298: $? = 0
configure:8371: gcc -o conftest -g -O2   conftest.c  >&5
configure:8371: $? = 0
configure:8371: ./conftest
configure:8371: $? = 0
configure:8382: result: yes
configure:8395: checking for sys/types.h
configure:8395: gcc -c -g -O2  conftest.c >&5
configure:8395: $? = 0
configure:8395: result: yes
configure:8395: checking for sys/stat.h
configure:8395: gcc -c -g -O2  conftest.c >&5
configure:8395: $? = 0
configure:8395: result: yes
configure:8395: checking for stdlib.h
configure:8395: gcc -c -g -O2  conftest.c >&5
configure:8395: $? = 0
configure:8395: result: yes
configure:8395: checking for string.h
configure:8395: gcc -c -g -O2  conftest.c >&5
configure:8395: $? = 0
configure:8395: result: yes
configure:8395: checking for memory.h
configure:8395: gcc -c -g -O2  conftest.c >&5
configure:8395: $? = 0
configure:8395: result: yes
configure:8395: checking for strings.h
configure:8395: gcc -c -g -O2  conftest.c >&5
configure:8395: $? = 0
configure:8395: result: yes
configure:8395: checking for inttypes.h
configure:8395: gcc -c -g -O2  conftest.c >&5
configure:8395: $? = 0
configure:8395: result: yes
configure:8395: checking for stdint.h
configure:8395: gcc -c -g -O2  conftest.c >&5
configure:8395: $? = 0
configure:8395: result: yes
configure:8395: checking for unistd.h
configure:8395: gcc -c -g -O2  conftest.c >&5
configure:8395: $? = 0
configure:8395: result: yes
configure:8409: checking for dlfcn.h
configure:8409: gcc -c -g -O2  conftest.c >&5
configure:8409: $? = 0
configure:8409: result: yes
configure:8676: checking for objdir
configure:8691: result: .libs
configure:8955: checking if gcc supports -fno-rtti -fno-exceptions
configure:8973: gcc -c -g -O2  -fno-rtti -fno-exceptions conftest.c >&5
cc1: warning: command line option '-fno-rtti' is valid for C++/ObjC++ but not for C
configure:8977: $? = 0
configure:8990: result: no
configure:9348: checking for gcc option to produce PIC
configure:9355: result: -fPIC -DPIC
configure:9363: checking if gcc PIC flag -fPIC -DPIC works
configure:9381: gcc -c -g -O2  -fPIC -DPIC -DPIC conftest.c >&5
configure:9385: $? = 0
configure:9398: result: yes
configure:9427: checking if gcc static flag -static works
configure:9455: result: yes
configure:9470: checking if gcc supports -c -o file.o
configure:9491: gcc -c -g -O2  -o out/conftest2.o conftest.c >&5
configure:9495: $? = 0
configure:9517: result: yes
configure:9525: checking if gcc supports -c -o file.o
configure:9572: result: yes
configure:9605: checking whether the gcc linker (/usr/bin/ld -m elf_x86_64) supports shared libraries
configure:10868: result: yes
configure:10905: checking whether -lc should be explicitly linked in
configure:10913: gcc -c -g -O2  conftest.c >&5
configure:10916: $? = 0
configure:10931: gcc -shared  -fPIC -DPIC conftest.o  -v -Wl,-soname -Wl,conftest -o conftest 2\>\&1 \| /bin/grep  -lc  \>/dev/null 2\>\&1
configure:10934: $? = 0
configure:10948: result: no
configure:11108: checking dynamic linker characteristics
configure:11689: gcc -o conftest -g -O2   -Wl,-rpath -Wl,/foo conftest.c  >&5
configure:11689: $? = 0
configure:11938: result: GNU/Linux ld.so
configure:12060: checking how to hardcode library paths into programs
configure:12085: result: immediate
configure:12633: checking whether stripping libraries is possible
configure:12638: result: yes
configure:12673: checking if libtool supports shared libraries
configure:12675: result: yes
configure:12678: checking whether to build shared libraries
configure:12703: result: yes
configure:12706: checking whether to build static libraries
configure:12710: result: yes
configure:12733: checking how to run the C++ preprocessor
configure:12760: g++ -E  conftest.cpp
configure:12760: $? = 0
configure:12774: g++ -E  conftest.cpp
conftest.cpp:23:28: fatal error: ac_nonexistent.h: No such file or directory
compilation terminated.
configure:12774: $? = 1
configure: failed program was:
| /* confdefs.h */
| #define PACKAGE_NAME "ethercat"
| #define PACKAGE_TARNAME "ethercat"
| #define PACKAGE_VERSION "1.5.2"
| #define PACKAGE_STRING "ethercat 1.5.2"
| #define PACKAGE_BUGREPORT "fp@igh-essen.com"
| #define PACKAGE_URL ""
| #define PACKAGE "ethercat"
| #define VERSION "1.5.2"
| #define STDC_HEADERS 1
| #define HAVE_SYS_TYPES_H 1
| #define HAVE_SYS_STAT_H 1
| #define HAVE_STDLIB_H 1
| #define HAVE_STRING_H 1
| #define HAVE_MEMORY_H 1
| #define HAVE_STRINGS_H 1
| #define HAVE_INTTYPES_H 1
| #define HAVE_STDINT_H 1
| #define HAVE_UNISTD_H 1
| #define HAVE_DLFCN_H 1
| #define LT_OBJDIR ".libs/"
| /* end confdefs.h.  */
| #include <ac_nonexistent.h>
configure:12799: result: g++ -E
configure:12819: g++ -E  conftest.cpp
configure:12819: $? = 0
configure:12833: g++ -E  conftest.cpp
conftest.cpp:23:28: fatal error: ac_nonexistent.h: No such file or directory
compilation terminated.
configure:12833: $? = 1
configure: failed program was:
| /* confdefs.h */
| #define PACKAGE_NAME "ethercat"
| #define PACKAGE_TARNAME "ethercat"
| #define PACKAGE_VERSION "1.5.2"
| #define PACKAGE_STRING "ethercat 1.5.2"
| #define PACKAGE_BUGREPORT "fp@igh-essen.com"
| #define PACKAGE_URL ""
| #define PACKAGE "ethercat"
| #define VERSION "1.5.2"
| #define STDC_HEADERS 1
| #define HAVE_SYS_TYPES_H 1
| #define HAVE_SYS_STAT_H 1
| #define HAVE_STDLIB_H 1
| #define HAVE_STRING_H 1
| #define HAVE_MEMORY_H 1
| #define HAVE_STRINGS_H 1
| #define HAVE_INTTYPES_H 1
| #define HAVE_STDINT_H 1
| #define HAVE_UNISTD_H 1
| #define HAVE_DLFCN_H 1
| #define LT_OBJDIR ".libs/"
| /* end confdefs.h.  */
| #include <ac_nonexistent.h>
configure:12995: checking for ld used by g++
configure:13062: result: /usr/bin/ld -m elf_x86_64
configure:13069: checking if the linker (/usr/bin/ld -m elf_x86_64) is GNU ld
configure:13084: result: yes
configure:13139: checking whether the g++ linker (/usr/bin/ld -m elf_x86_64) supports shared libraries
configure:14212: result: yes
configure:14248: g++ -c -g -O2  conftest.cpp >&5
configure:14251: $? = 0
configure:14732: checking for g++ option to produce PIC
configure:14739: result: -fPIC -DPIC
configure:14747: checking if g++ PIC flag -fPIC -DPIC works
configure:14765: g++ -c -g -O2  -fPIC -DPIC -DPIC conftest.cpp >&5
configure:14769: $? = 0
configure:14782: result: yes
configure:14805: checking if g++ static flag -static works
configure:14833: result: yes
configure:14845: checking if g++ supports -c -o file.o
configure:14866: g++ -c -g -O2  -o out/conftest2.o conftest.cpp >&5
configure:14870: $? = 0
configure:14892: result: yes
configure:14897: checking if g++ supports -c -o file.o
configure:14944: result: yes
configure:14974: checking whether the g++ linker (/usr/bin/ld -m elf_x86_64) supports shared libraries
configure:15017: result: yes
configure:15158: checking dynamic linker characteristics
configure:15915: result: GNU/Linux ld.so
configure:15980: checking how to hardcode library paths into programs
configure:16005: result: immediate
configure:16071: checking whether to build kernel modules
configure:16093: result: yes
configure:16137: checking for Linux kernel sources
configure:16174: result: /usr/src/linux-headers-4.15.0-34-generic (Kernel 4.15)
configure:16195: checking for Linux modules installation directory
configure:16197: result: ethercat
configure:16738: checking whether to build the CCAT driver
configure:16763: result: no
configure:16798: checking for RTAI path
configure:16802: result: not specified.
configure:16853: checking for Xenomai path
configure:16857: result: not specified.
configure:16922: checking whether to build RTDM interface
configure:16932: result: no
configure:16951: checking whether to build the debug interface
configure:16979: result: no
configure:16998: checking whether to build the debug ring
configure:17026: result: no
configure:17034: checking whether to build with EoE support
configure:17059: result: yes
configure:17081: checking whether to use the CPU timestamp counter
configure:17109: result: no
configure:17117: checking whether to use rtmutexes
configure:17145: result: no
configure:17153: checking whether to use high-resolution timers for scheduling
configure:17181: result: no
configure:17189: checking whether to read alias addresses from registers
configure:17217: result: no
configure:17225: checking whether to force the reference clock to OP
configure:17253: result: no
configure:17261: checking whether to build the command-line tool
configure:17283: result: yes
configure:17303: checking whether to build the userspace library
configure:17325: result: yes
configure:17345: checking whether to build the tty driver
configure:17370: result: no
configure:17389: checking whether to allow identification wildcards
configure:17417: result: no
configure:17439: checking for number of Ethernet devices
configure:17449: result: 1 (Redundancy disabled)
configure:17464: checking whether to assign the SII to PDI
configure:17492: result: no
configure:17500: checking whether to cache the SII for re-use
configure:17525: result: yes
configure:17536: checking whether to allow quick OP
configure:17561: result: yes
configure:17572: checking whether to load SII locally if available
configure:17616: result: no
configure:17624: checking whether to syslog in realtime context
configure:17649: result: yes
configure:17660: checking whether to use loop control registers
configure:17688: result: no
configure:17805: checking that generated files are newer than configure
configure:17811: result: done
configure:17910: creating ./config.status

## ---------------------- ##
## Running config.status. ##
## ---------------------- ##

This file was extended by ethercat config.status 1.5.2, which was
generated by GNU Autoconf 2.69.  Invocation command line was

  CONFIG_FILES    = 
  CONFIG_HEADERS  = 
  CONFIG_LINKS    = 
  CONFIG_COMMANDS = 
  $ ./config.status 

on mikekaram

config.status:1269: creating Doxyfile
config.status:1269: creating Kbuild
config.status:1269: creating Makefile
config.status:1269: creating devices/Kbuild
config.status:1269: creating devices/Makefile
config.status:1269: creating devices/ccat/Kbuild
config.status:1269: creating devices/ccat/Makefile
config.status:1269: creating devices/cx2100/Kbuild
config.status:1269: creating devices/cx2100/Makefile
config.status:1269: creating devices/e1000/Kbuild
config.status:1269: creating devices/e1000/Makefile
config.status:1269: creating devices/e1000e/Kbuild
config.status:1269: creating devices/e1000e/Makefile
config.status:1269: creating devices/igb/Kbuild
config.status:1269: creating devices/igb/Makefile
config.status:1269: creating ethercat.spec
config.status:1269: creating examples/Kbuild
config.status:1269: creating examples/Makefile
config.status:1269: creating examples/dc_rtai/Kbuild
config.status:1269: creating examples/dc_rtai/Makefile
config.status:1269: creating examples/dc_user/Makefile
config.status:1269: creating examples/mini/Kbuild
config.status:1269: creating examples/mini/Makefile
config.status:1269: creating examples/rtai/Kbuild
config.status:1269: creating examples/rtai/Makefile
config.status:1269: creating examples/rtai_rtdm/Makefile
config.status:1269: creating examples/rtai_rtdm_dc/Makefile
config.status:1269: creating examples/tty/Kbuild
config.status:1269: creating examples/tty/Makefile
config.status:1269: creating examples/user/Makefile
config.status:1269: creating examples/xenomai/Makefile
config.status:1269: creating examples/xenomai_posix/Makefile
config.status:1269: creating include/Makefile
config.status:1269: creating lib/Makefile
config.status:1269: creating m4/Makefile
config.status:1269: creating master/Kbuild
config.status:1269: creating master/Makefile
config.status:1269: creating script/Makefile
config.status:1269: creating script/ethercat.service
config.status:1269: creating script/ethercatctl
config.status:1269: creating script/init.d/Makefile
config.status:1269: creating script/init.d/ethercat
config.status:1269: creating script/sysconfig/Makefile
config.status:1269: creating tool/Makefile
config.status:1269: creating tty/Kbuild
config.status:1269: creating tty/Makefile
config.status:1269: creating config.h
config.status:1450: config.h is unchanged
config.status:1498: executing depfiles commands
config.status:1498: executing libtool commands

## ---------------- ##
## Cache variables. ##
## ---------------- ##

ac_cv_build=x86_64-pc-linux-gnu
ac_cv_c_compiler_gnu=yes
ac_cv_cxx_compiler_gnu=yes
ac_cv_env_CCC_set=
ac_cv_env_CCC_value=
ac_cv_env_CC_set=
ac_cv_env_CC_value=
ac_cv_env_CFLAGS_set=
ac_cv_env_CFLAGS_value=
ac_cv_env_CPPFLAGS_set=
ac_cv_env_CPPFLAGS_value=
ac_cv_env_CPP_set=
ac_cv_env_CPP_value=
ac_cv_env_CXXCPP_set=
ac_cv_env_CXXCPP_value=
ac_cv_env_CXXFLAGS_set=
ac_cv_env_CXXFLAGS_value=
ac_cv_env_CXX_set=
ac_cv_env_CXX_value=
ac_cv_env_LDFLAGS_set=
ac_cv_env_LDFLAGS_value=
ac_cv_env_LIBS_set=
ac_cv_env_LIBS_value=
ac_cv_env_LT_SYS_LIBRARY_PATH_set=
ac_cv_env_LT_SYS_LIBRARY_PATH_value=
ac_cv_env_build_alias_set=
ac_cv_env_build_alias_value=
ac_cv_env_host_alias_set=
ac_cv_env_host_alias_value=
ac_cv_env_target_alias_set=
ac_cv_env_target_alias_value=
ac_cv_header_dlfcn_h=yes
ac_cv_header_inttypes_h=yes
ac_cv_header_memory_h=yes
ac_cv_header_stdc=yes
ac_cv_header_stdint_h=yes
ac_cv_header_stdlib_h=yes
ac_cv_header_string_h=yes
ac_cv_header_strings_h=yes
ac_cv_header_sys_stat_h=yes
ac_cv_header_sys_types_h=yes
ac_cv_header_unistd_h=yes
ac_cv_host=x86_64-pc-linux-gnu
ac_cv_objext=o
ac_cv_path_EGREP='/bin/grep -E'
ac_cv_path_FGREP='/bin/grep -F'
ac_cv_path_GREP=/bin/grep
ac_cv_path_SED=/bin/sed
ac_cv_path_install='/usr/bin/install -c'
ac_cv_path_lt_DD=/bin/dd
ac_cv_path_mkdir=/bin/mkdir
ac_cv_prog_AWK=gawk
ac_cv_prog_CPP='gcc -E'
ac_cv_prog_CXXCPP='g++ -E'
ac_cv_prog_ac_ct_AR=ar
ac_cv_prog_ac_ct_CC=gcc
ac_cv_prog_ac_ct_CXX=g++
ac_cv_prog_ac_ct_MANIFEST_TOOL=mt
ac_cv_prog_ac_ct_OBJDUMP=objdump
ac_cv_prog_ac_ct_RANLIB=ranlib
ac_cv_prog_ac_ct_STRIP=strip
ac_cv_prog_cc_c89=
ac_cv_prog_cc_g=yes
ac_cv_prog_cxx_g=yes
ac_cv_prog_make_make_set=yes
am_cv_CC_dependencies_compiler_type=gcc3
am_cv_CXX_dependencies_compiler_type=gcc3
am_cv_ar_interface=ar
am_cv_make_support_nested_variables=yes
am_cv_prog_cc_c_o=yes
lt_cv_ar_at_file=@
lt_cv_archive_cmds_need_lc=no
lt_cv_deplibs_check_method=pass_all
lt_cv_file_magic_cmd='$MAGIC_CMD'
lt_cv_file_magic_test_file=
lt_cv_ld_reload_flag=-r
lt_cv_nm_interface='BSD nm'
lt_cv_objdir=.libs
lt_cv_path_LD=/usr/bin/ld
lt_cv_path_LDCXX='/usr/bin/ld -m elf_x86_64'
lt_cv_path_NM='/usr/bin/nm -B'
lt_cv_path_mainfest_tool=no
lt_cv_prog_compiler_c_o=yes
lt_cv_prog_compiler_c_o_CXX=yes
lt_cv_prog_compiler_pic='-fPIC -DPIC'
lt_cv_prog_compiler_pic_CXX='-fPIC -DPIC'
lt_cv_prog_compiler_pic_works=yes
lt_cv_prog_compiler_pic_works_CXX=yes
lt_cv_prog_compiler_rtti_exceptions=no
lt_cv_prog_compiler_static_works=yes
lt_cv_prog_compiler_static_works_CXX=yes
lt_cv_prog_gnu_ld=yes
lt_cv_prog_gnu_ldcxx=yes
lt_cv_sharedlib_from_linklib_cmd='printf %s\n'
lt_cv_shlibpath_overrides_runpath=no
lt_cv_sys_global_symbol_pipe='sed -n -e '\''s/^.*[	 ]\([ABCDGIRSTW][ABCDGIRSTW]*\)[	 ][	 ]*\([_A-Za-z][_A-Za-z0-9]*\)$/\1 \2 \2/p'\'' | sed '\''/ __gnu_lto/d'\'''
lt_cv_sys_global_symbol_to_c_name_address='sed -n -e '\''s/^: \(.*\) .*$/  {"\1", (void *) 0},/p'\'' -e '\''s/^[ABCDGIRSTW][ABCDGIRSTW]* .* \(.*\)$/  {"\1", (void *) \&\1},/p'\'''
lt_cv_sys_global_symbol_to_c_name_address_lib_prefix='sed -n -e '\''s/^: \(.*\) .*$/  {"\1", (void *) 0},/p'\'' -e '\''s/^[ABCDGIRSTW][ABCDGIRSTW]* .* \(lib.*\)$/  {"\1", (void *) \&\1},/p'\'' -e '\''s/^[ABCDGIRSTW][ABCDGIRSTW]* .* \(.*\)$/  {"lib\1", (void *) \&\1},/p'\'''
lt_cv_sys_global_symbol_to_cdecl='sed -n -e '\''s/^T .* \(.*\)$/extern int \1();/p'\'' -e '\''s/^[ABCDGIRSTW][ABCDGIRSTW]* .* \(.*\)$/extern char \1;/p'\'''
lt_cv_sys_global_symbol_to_import=
lt_cv_sys_max_cmd_len=1572864
lt_cv_to_host_file_cmd=func_convert_file_noop
lt_cv_to_tool_file_cmd=func_convert_file_noop
lt_cv_truncate_bin='/bin/dd bs=4096 count=1'

## ----------------- ##
## Output variables. ##
## ----------------- ##

ACLOCAL='${SHELL} /home/mike/catkin_ws/src/ighm_ros/etherlabmaster-code-mercurial/ethercat-1.5.2-merc_unofficial_patch/autoconf/missing aclocal-1.15'
AMDEPBACKSLASH='\'
AMDEP_FALSE='#'
AMDEP_TRUE=''
AMTAR='$${TAR-tar}'
AM_BACKSLASH='\'
AM_DEFAULT_V='$(AM_DEFAULT_VERBOSITY)'
AM_DEFAULT_VERBOSITY='1'
AM_V='$(V)'
AR='ar'
AUTOCONF='${SHELL} /home/mike/catkin_ws/src/ighm_ros/etherlabmaster-code-mercurial/ethercat-1.5.2-merc_unofficial_patch/autoconf/missing autoconf'
AUTOHEADER='${SHELL} /home/mike/catkin_ws/src/ighm_ros/etherlabmaster-code-mercurial/ethercat-1.5.2-merc_unofficial_patch/autoconf/missing autoheader'
AUTOMAKE='${SHELL} /home/mike/catkin_ws/src/ighm_ros/etherlabmaster-code-mercurial/ethercat-1.5.2-merc_unofficial_patch/autoconf/missing automake-1.15'
AWK='gawk'
BUILD_TOOL_FALSE='#'
BUILD_TOOL_TRUE=''
CC='gcc'
CCDEPMODE='depmode=gcc3'
CFLAGS='-g -O2'
CPP='gcc -E'
CPPFLAGS=''
CXX='g++'
CXXCPP='g++ -E'
CXXDEPMODE='depmode=gcc3'
CXXFLAGS='-g -O2'
CYGPATH_W='echo'
DEFS='-DHAVE_CONFIG_H'
DEPDIR='.deps'
DLLTOOL='false'
DSYMUTIL=''
DUMPBIN=''
E1000E_LAYOUT='0'
ECHO_C=''
ECHO_N='-n'
ECHO_T=''
EGREP='/bin/grep -E'
ENABLE_8139TOO='0'
ENABLE_8139TOO_FALSE=''
ENABLE_8139TOO_TRUE='#'
ENABLE_CCAT='0'
ENABLE_CCAT_FALSE=''
ENABLE_CCAT_TRUE='#'
ENABLE_CX2100='0'
ENABLE_CX2100_FALSE=''
ENABLE_CX2100_TRUE='#'
ENABLE_DEBUG_IF='0'
ENABLE_DEBUG_IF_FALSE=''
ENABLE_DEBUG_IF_TRUE='#'
ENABLE_E1000='0'
ENABLE_E1000E='0'
ENABLE_E1000E_FALSE=''
ENABLE_E1000E_TRUE='#'
ENABLE_E1000_FALSE=''
ENABLE_E1000_TRUE='#'
ENABLE_E100='0'
ENABLE_E100_FALSE=''
ENABLE_E100_TRUE='#'
ENABLE_EOE='1'
ENABLE_EOE_FALSE='#'
ENABLE_EOE_TRUE=''
ENABLE_GENERIC='1'
ENABLE_GENERIC_FALSE='#'
ENABLE_GENERIC_TRUE=''
ENABLE_IGB='0'
ENABLE_IGB_FALSE=''
ENABLE_IGB_TRUE='#'
ENABLE_KERNEL='1'
ENABLE_KERNEL_FALSE='#'
ENABLE_KERNEL_TRUE=''
ENABLE_R8169='0'
ENABLE_R8169_FALSE=''
ENABLE_R8169_TRUE='#'
ENABLE_RTAI='0'
ENABLE_RTAI_FALSE=''
ENABLE_RTAI_TRUE='#'
ENABLE_RTDM='0'
ENABLE_RTDM_FALSE=''
ENABLE_RTDM_TRUE='#'
ENABLE_TTY='0'
ENABLE_TTY_FALSE=''
ENABLE_TTY_TRUE='#'
ENABLE_USERLIB_FALSE='#'
ENABLE_USERLIB_TRUE=''
ENABLE_XENOMAI='0'
ENABLE_XENOMAI_FALSE=''
ENABLE_XENOMAI_TRUE='#'
EXEEXT=''
FGREP='/bin/grep -F'
GREP='/bin/grep'
INSTALL_DATA='${INSTALL} -m 644'
INSTALL_MOD_DIR='ethercat'
INSTALL_PROGRAM='${INSTALL}'
INSTALL_SCRIPT='${INSTALL}'
INSTALL_STRIP_PROGRAM='$(install_sh) -c -s'
KERNEL_8139TOO='4.15'
KERNEL_CX2100='4.15'
KERNEL_E1000='4.15'
KERNEL_E1000E='4.9'
KERNEL_E100='4.15'
KERNEL_IGB='4.15'
KERNEL_R8169='4.15'
LD='/usr/bin/ld -m elf_x86_64'
LDFLAGS=''
LIBOBJS=''
LIBS=''
LIBTOOL='$(SHELL) $(top_builddir)/libtool'
LINUX_SOURCE_DIR='/usr/src/linux-headers-4.15.0-34-generic'
LIPO=''
LN_S='ln -s'
LTLIBOBJS=''
LT_SYS_LIBRARY_PATH=''
MAKEINFO='${SHELL} /home/mike/catkin_ws/src/ighm_ros/etherlabmaster-code-mercurial/ethercat-1.5.2-merc_unofficial_patch/autoconf/missing makeinfo'
MANIFEST_TOOL=':'
MKDIR_P='/bin/mkdir -p'
NM='/usr/bin/nm -B'
NMEDIT=''
OBJDUMP='objdump'
OBJEXT='o'
OTOOL64=''
OTOOL=''
PACKAGE='ethercat'
PACKAGE_BUGREPORT='fp@igh-essen.com'
PACKAGE_NAME='ethercat'
PACKAGE_STRING='ethercat 1.5.2'
PACKAGE_TARNAME='ethercat'
PACKAGE_URL=''
PACKAGE_VERSION='1.5.2'
PATH_SEPARATOR=':'
RANLIB='ranlib'
RTAI_DIR=''
RTAI_LXRT_CFLAGS=''
RTAI_LXRT_LDFLAGS=''
SED='/bin/sed'
SET_MAKE=''
SHELL='/bin/bash'
STRIP='strip'
VERSION='1.5.2'
XENOMAI_DIR=''
XENOMAI_NATIVE_CFLAGS=''
XENOMAI_NATIVE_LDFLAGS=''
XENOMAI_POSIX_CFLAGS=''
XENOMAI_POSIX_LDFLAGS=''
XENOMAI_RTDM_CFLAGS=''
XENOMAI_RTDM_LDFLAGS=''
ac_ct_AR='ar'
ac_ct_CC='gcc'
ac_ct_CXX='g++'
ac_ct_DUMPBIN=''
am__EXEEXT_FALSE=''
am__EXEEXT_TRUE='#'
am__fastdepCC_FALSE='#'
am__fastdepCC_TRUE=''
am__fastdepCXX_FALSE='#'
am__fastdepCXX_TRUE=''
am__include='include'
am__isrc=''
am__leading_dot='.'
am__nodep='_no'
am__quote=''
am__tar='$${TAR-tar} chof - "$$tardir"'
am__untar='$${TAR-tar} xf -'
bindir='${exec_prefix}/bin'
build='x86_64-pc-linux-gnu'
build_alias=''
build_cpu='x86_64'
build_os='linux-gnu'
build_vendor='pc'
datadir='${datarootdir}'
datarootdir='${prefix}/share'
docdir='${datarootdir}/doc/${PACKAGE_TARNAME}'
dvidir='${docdir}'
exec_prefix='${prefix}'
host='x86_64-pc-linux-gnu'
host_alias=''
host_cpu='x86_64'
host_os='linux-gnu'
host_vendor='pc'
htmldir='${docdir}'
includedir='${prefix}/include'
infodir='${datarootdir}/info'
install_sh='${SHELL} /home/mike/catkin_ws/src/ighm_ros/etherlabmaster-code-mercurial/ethercat-1.5.2-merc_unofficial_patch/autoconf/install-sh'
libdir='${exec_prefix}/lib'
libexecdir='${exec_prefix}/libexec'
localedir='${datarootdir}/locale'
localstatedir='${prefix}/var'
mandir='${datarootdir}/man'
mkdir_p='$(MKDIR_P)'
oldincludedir='/usr/include'
pdfdir='${docdir}'
prefix='/opt/etherlab'
program_transform_name='s,x,x,'
psdir='${docdir}'
runstatedir='${localstatedir}/run'
sbindir='${exec_prefix}/sbin'
sharedstatedir='${prefix}/com'
sysconfdir='${prefix}/etc'
target_alias=''

## ----------- ##
## confdefs.h. ##
## ----------- ##

/* confdefs.h */
#define PACKAGE_NAME "ethercat"
#define PACKAGE_TARNAME "ethercat"
#define PACKAGE_VERSION "1.5.2"
#define PACKAGE_STRING "ethercat 1.5.2"
#define PACKAGE_BUGREPORT "fp@igh-essen.com"
#define PACKAGE_URL ""
#define PACKAGE "ethercat"
#define VERSION "1.5.2"
#define STDC_HEADERS 1
#define HAVE_SYS_TYPES_H 1
#define HAVE_SYS_STAT_H 1
#define HAVE_STDLIB_H 1
#define HAVE_STRING_H 1
#define HAVE_MEMORY_H 1
#define HAVE_STRINGS_H 1
#define HAVE_INTTYPES_H 1
#define HAVE_STDINT_H 1
#define HAVE_UNISTD_H 1
#define HAVE_DLFCN_H 1
#define LT_OBJDIR ".libs/"
#define EC_EOE 1
#define EC_MAX_NUM_DEVICES 1
#define EC_SII_CACHE 1
#define EC_QUICK_OP 1
#define EC_RT_SYSLOG 1

configure: exit 0
