This file contains any messages produced by compilers while
running configure, to aid debugging if configure makes a mistake.

It was created by ethercat configure 1.5.2, which was
generated by GNU Autoconf 2.69.  Invocation command line was

  $ ./configure --disable-8139too --with-e1000e-kernel=3.16

## --------- ##
## Platform. ##
## --------- ##

hostname = mikekaram
uname -m = x86_64
uname -r = 4.8.0-58-generic
uname -s = Linux
uname -v = #63~16.04.1-Ubuntu SMP Mon Jun 26 18:08:51 UTC 2017

/usr/bin/uname -p = unknown
/bin/uname -X     = unknown

/bin/arch              = unknown
/usr/bin/arch -k       = unknown
/usr/convex/getsysinfo = unknown
/usr/bin/hostinfo      = unknown
/bin/machine           = unknown
/usr/bin/oslevel       = unknown
/bin/universe          = unknown

PATH: /usr/local/sbin
PATH: /usr/local/bin
PATH: /usr/sbin
PATH: /usr/bin
PATH: /sbin
PATH: /bin
PATH: /snap/bin


## ----------- ##
## Core tests. ##
## ----------- ##

configure:2454: checking for a BSD-compatible install
configure:2522: result: /usr/bin/install -c
configure:2533: checking whether build environment is sane
configure:2588: result: yes
configure:2739: checking for a thread-safe mkdir -p
configure:2778: result: /bin/mkdir -p
configure:2785: checking for gawk
configure:2801: found /usr/bin/gawk
configure:2812: result: gawk
configure:2823: checking whether make sets $(MAKE)
configure:2845: result: yes
configure:2874: checking whether make supports nested variables
configure:2891: result: yes
configure:3039: checking for style of include used by make
configure:3067: result: GNU
configure:3138: checking for gcc
configure:3154: found /usr/bin/gcc
configure:3165: result: gcc
configure:3394: checking for C compiler version
configure:3403: gcc --version >&5
gcc (Ubuntu 5.4.0-6ubuntu1~16.04.10) 5.4.0 20160609
Copyright (C) 2015 Free Software Foundation, Inc.
This is free software; see the source for copying conditions.  There is NO
warranty; not even for MERCHANTABILITY or FITNESS FOR A PARTICULAR PURPOSE.

configure:3414: $? = 0
configure:3403: gcc -v >&5
Using built-in specs.
COLLECT_GCC=gcc
COLLECT_LTO_WRAPPER=/usr/lib/gcc/x86_64-linux-gnu/5/lto-wrapper
Target: x86_64-linux-gnu
Configured with: ../src/configure -v --with-pkgversion='Ubuntu 5.4.0-6ubuntu1~16.04.10' --with-bugurl=file:///usr/share/doc/gcc-5/README.Bugs --enable-languages=c,ada,c++,java,go,d,fortran,objc,obj-c++ --prefix=/usr --program-suffix=-5 --enable-shared --enable-linker-build-id --libexecdir=/usr/lib --without-included-gettext --enable-threads=posix --libdir=/usr/lib --enable-nls --with-sysroot=/ --enable-clocale=gnu --enable-libstdcxx-debug --enable-libstdcxx-time=yes --with-default-libstdcxx-abi=new --enable-gnu-unique-object --disable-vtable-verify --enable-libmpx --enable-plugin --with-system-zlib --disable-browser-plugin --enable-java-awt=gtk --enable-gtk-cairo --with-java-home=/usr/lib/jvm/java-1.5.0-gcj-5-amd64/jre --enable-java-home --with-jvm-root-dir=/usr/lib/jvm/java-1.5.0-gcj-5-amd64 --with-jvm-jar-dir=/usr/lib/jvm-exports/java-1.5.0-gcj-5-amd64 --with-arch-directory=amd64 --with-ecj-jar=/usr/share/java/eclipse-ecj.jar --enable-objc-gc --enable-multiarch --disable-werror --with-arch-32=i686 --with-abi=m64 --with-multilib-list=m32,m64,mx32 --enable-multilib --with-tune=generic --enable-checking=release --build=x86_64-linux-gnu --host=x86_64-linux-gnu --target=x86_64-linux-gnu
Thread model: posix
gcc version 5.4.0 20160609 (Ubuntu 5.4.0-6ubuntu1~16.04.10) 
configure:3414: $? = 0
configure:3403: gcc -V >&5
gcc: error: unrecognized command line option '-V'
gcc: fatal error: no input files
compilation terminated.
configure:3414: $? = 1
configure:3403: gcc -qversion >&5
gcc: error: unrecognized command line option '-qversion'
gcc: fatal error: no input files
compilation terminated.
configure:3414: $? = 1
configure:3434: checking whether the C compiler works
configure:3456: gcc    conftest.c  >&5
configure:3460: $? = 0
configure:3508: result: yes
configure:3511: checking for C compiler default output file name
configure:3513: result: a.out
configure:3519: checking for suffix of executables
configure:3526: gcc -o conftest    conftest.c  >&5
configure:3530: $? = 0
configure:3552: result: 
configure:3574: checking whether we are cross compiling
configure:3582: gcc -o conftest    conftest.c  >&5
configure:3586: $? = 0
configure:3593: ./conftest
configure:3597: $? = 0
configure:3612: result: no
configure:3617: checking for suffix of object files
configure:3639: gcc -c   conftest.c >&5
configure:3643: $? = 0
configure:3664: result: o
configure:3668: checking whether we are using the GNU C compiler
configure:3687: gcc -c   conftest.c >&5
configure:3687: $? = 0
configure:3696: result: yes
configure:3705: checking whether gcc accepts -g
configure:3725: gcc -c -g  conftest.c >&5
configure:3725: $? = 0
configure:3766: result: yes
configure:3783: checking for gcc option to accept ISO C89
configure:3846: gcc  -c -g -O2  conftest.c >&5
configure:3846: $? = 0
configure:3859: result: none needed
configure:3884: checking whether gcc understands -c and -o together
configure:3906: gcc -c conftest.c -o conftest2.o
configure:3909: $? = 0
configure:3906: gcc -c conftest.c -o conftest2.o
configure:3909: $? = 0
configure:3921: result: yes
configure:3940: checking dependency style of gcc
configure:4051: result: gcc3
configure:4117: checking for ar
configure:4133: found /usr/bin/ar
configure:4144: result: ar
configure:4170: checking the archiver (ar) interface
configure:4186: gcc -c -g -O2  conftest.c >&5
configure:4186: $? = 0
configure:4188: ar cru libconftest.a conftest.o >&5
ar: `u' modifier ignored since `D' is the default (see `U')
configure:4191: $? = 0
configure:4219: result: ar
configure:4297: checking for g++
configure:4313: found /usr/bin/g++
configure:4324: result: g++
configure:4351: checking for C++ compiler version
configure:4360: g++ --version >&5
g++ (Ubuntu 5.4.0-6ubuntu1~16.04.10) 5.4.0 20160609
Copyright (C) 2015 Free Software Foundation, Inc.
This is free software; see the source for copying conditions.  There is NO
warranty; not even for MERCHANTABILITY or FITNESS FOR A PARTICULAR PURPOSE.

configure:4371: $? = 0
configure:4360: g++ -v >&5
Using built-in specs.
COLLECT_GCC=g++
COLLECT_LTO_WRAPPER=/usr/lib/gcc/x86_64-linux-gnu/5/lto-wrapper
Target: x86_64-linux-gnu
Configured with: ../src/configure -v --with-pkgversion='Ubuntu 5.4.0-6ubuntu1~16.04.10' --with-bugurl=file:///usr/share/doc/gcc-5/README.Bugs --enable-languages=c,ada,c++,java,go,d,fortran,objc,obj-c++ --prefix=/usr --program-suffix=-5 --enable-shared --enable-linker-build-id --libexecdir=/usr/lib --without-included-gettext --enable-threads=posix --libdir=/usr/lib --enable-nls --with-sysroot=/ --enable-clocale=gnu --enable-libstdcxx-debug --enable-libstdcxx-time=yes --with-default-libstdcxx-abi=new --enable-gnu-unique-object --disable-vtable-verify --enable-libmpx --enable-plugin --with-system-zlib --disable-browser-plugin --enable-java-awt=gtk --enable-gtk-cairo --with-java-home=/usr/lib/jvm/java-1.5.0-gcj-5-amd64/jre --enable-java-home --with-jvm-root-dir=/usr/lib/jvm/java-1.5.0-gcj-5-amd64 --with-jvm-jar-dir=/usr/lib/jvm-exports/java-1.5.0-gcj-5-amd64 --with-arch-directory=amd64 --with-ecj-jar=/usr/share/java/eclipse-ecj.jar --enable-objc-gc --enable-multiarch --disable-werror --with-arch-32=i686 --with-abi=m64 --with-multilib-list=m32,m64,mx32 --enable-multilib --with-tune=generic --enable-checking=release --build=x86_64-linux-gnu --host=x86_64-linux-gnu --target=x86_64-linux-gnu
Thread model: posix
gcc version 5.4.0 20160609 (Ubuntu 5.4.0-6ubuntu1~16.04.10) 
configure:4371: $? = 0
configure:4360: g++ -V >&5
g++: error: unrecognized command line option '-V'
g++: fatal error: no input files
compilation terminated.
configure:4371: $? = 1
configure:4360: g++ -qversion >&5
g++: error: unrecognized command line option '-qversion'
g++: fatal error: no input files
compilation terminated.
configure:4371: $? = 1
configure:4375: checking whether we are using the GNU C++ compiler
configure:4394: g++ -c   conftest.cpp >&5
configure:4394: $? = 0
configure:4403: result: yes
configure:4412: checking whether g++ accepts -g
configure:4432: g++ -c -g  conftest.cpp >&5
configure:4432: $? = 0
configure:4473: result: yes
configure:4498: checking dependency style of g++
configure:4609: result: gcc3
configure:4653: checking build system type
configure:4667: result: x86_64-pc-linux-gnu
configure:4687: checking host system type
configure:4700: result: x86_64-pc-linux-gnu
configure:4741: checking how to print strings
configure:4768: result: printf
configure:4789: checking for a sed that does not truncate output
configure:4853: result: /bin/sed
configure:4871: checking for grep that handles long lines and -e
configure:4929: result: /bin/grep
configure:4934: checking for egrep
configure:4996: result: /bin/grep -E
configure:5001: checking for fgrep
configure:5063: result: /bin/grep -F
configure:5098: checking for ld used by gcc
configure:5165: result: /usr/bin/ld
configure:5172: checking if the linker (/usr/bin/ld) is GNU ld
configure:5187: result: yes
configure:5199: checking for BSD- or MS-compatible name lister (nm)
configure:5253: result: /usr/bin/nm -B
configure:5383: checking the name lister (/usr/bin/nm -B) interface
configure:5390: gcc -c -g -O2  conftest.c >&5
configure:5393: /usr/bin/nm -B "conftest.o"
configure:5396: output
0000000000000000 B some_variable
configure:5403: result: BSD nm
configure:5406: checking whether ln -s works
configure:5410: result: yes
configure:5418: checking the maximum length of command line arguments
configure:5549: result: 1572864
configure:5597: checking how to convert x86_64-pc-linux-gnu file names to x86_64-pc-linux-gnu format
configure:5637: result: func_convert_file_noop
configure:5644: checking how to convert x86_64-pc-linux-gnu file names to toolchain format
configure:5664: result: func_convert_file_noop
configure:5671: checking for /usr/bin/ld option to reload object files
configure:5678: result: -r
configure:5752: checking for objdump
configure:5768: found /usr/bin/objdump
configure:5779: result: objdump
configure:5811: checking how to recognize dependent libraries
configure:6011: result: pass_all
configure:6096: checking for dlltool
configure:6126: result: no
configure:6156: checking how to associate runtime and link libraries
configure:6183: result: printf %s\n
configure:6307: checking for archiver @FILE support
configure:6324: gcc -c -g -O2  conftest.c >&5
configure:6324: $? = 0
configure:6327: ar cru libconftest.a @conftest.lst >&5
ar: `u' modifier ignored since `D' is the default (see `U')
configure:6330: $? = 0
configure:6335: ar cru libconftest.a @conftest.lst >&5
ar: `u' modifier ignored since `D' is the default (see `U')
ar: conftest.o: No such file or directory
configure:6338: $? = 1
configure:6350: result: @
configure:6408: checking for strip
configure:6424: found /usr/bin/strip
configure:6435: result: strip
configure:6507: checking for ranlib
configure:6523: found /usr/bin/ranlib
configure:6534: result: ranlib
configure:6636: checking command to parse /usr/bin/nm -B output from gcc object
configure:6789: gcc -c -g -O2  conftest.c >&5
configure:6792: $? = 0
configure:6796: /usr/bin/nm -B conftest.o \| sed -n -e 's/^.*[ ]\([ABCDGIRSTW][ABCDGIRSTW]*\)[ ][ ]*\([_A-Za-z][_A-Za-z0-9]*\)$/\1 \2 \2/p' | sed '/ __gnu_lto/d' \> conftest.nm
configure:6799: $? = 0
configure:6865: gcc -o conftest -g -O2   conftest.c conftstm.o >&5
configure:6868: $? = 0
configure:6906: result: ok
configure:6953: checking for sysroot
configure:6983: result: no
configure:6990: checking for a working dd
configure:7028: result: /bin/dd
configure:7032: checking how to truncate binary pipes
configure:7047: result: /bin/dd bs=4096 count=1
configure:7183: gcc -c -g -O2  conftest.c >&5
configure:7186: $? = 0
configure:7376: checking for mt
configure:7392: found /bin/mt
configure:7403: result: mt
configure:7426: checking if mt is a manifest tool
configure:7432: mt '-?'
configure:7440: result: no
configure:8117: checking how to run the C preprocessor
configure:8148: gcc -E  conftest.c
configure:8148: $? = 0
configure:8162: gcc -E  conftest.c
conftest.c:11:28: fatal error: ac_nonexistent.h: No such file or directory
compilation terminated.
configure:8162: $? = 1
configure: failed program was:
| /* confdefs.h */
| #define PACKAGE_NAME "ethercat"
| #define PACKAGE_TARNAME "ethercat"
| #define PACKAGE_VERSION "1.5.2"
| #define PACKAGE_STRING "ethercat 1.5.2"
| #define PACKAGE_BUGREPORT "fp@igh-essen.com"
| #define PACKAGE_URL ""
| #define PACKAGE "ethercat"
| #define VERSION "1.5.2"
| /* end confdefs.h.  */
| #include <ac_nonexistent.h>
configure:8187: result: gcc -E
configure:8207: gcc -E  conftest.c
configure:8207: $? = 0
configure:8221: gcc -E  conftest.c
conftest.c:11:28: fatal error: ac_nonexistent.h: No such file or directory
compilation terminated.
configure:8221: $? = 1
configure: failed program was:
| /* confdefs.h */
| #define PACKAGE_NAME "ethercat"
| #define PACKAGE_TARNAME "ethercat"
| #define PACKAGE_VERSION "1.5.2"
| #define PACKAGE_STRING "ethercat 1.5.2"
| #define PACKAGE_BUGREPORT "fp@igh-essen.com"
| #define PACKAGE_URL ""
| #define PACKAGE "ethercat"
| #define VERSION "1.5.2"
| /* end confdefs.h.  */
| #include <ac_nonexistent.h>
configure:8250: checking for ANSI C header files
configure:8270: gcc -c -g -O2  conftest.c >&5
configure:8270: $? = 0
configure:8343: gcc -o conftest -g -O2   conftest.c  >&5
configure:8343: $? = 0
configure:8343: ./conftest
configure:8343: $? = 0
configure:8354: result: yes
configure:8367: checking for sys/types.h
configure:8367: gcc -c -g -O2  conftest.c >&5
configure:8367: $? = 0
configure:8367: result: yes
configure:8367: checking for sys/stat.h
configure:8367: gcc -c -g -O2  conftest.c >&5
configure:8367: $? = 0
configure:8367: result: yes
configure:8367: checking for stdlib.h
configure:8367: gcc -c -g -O2  conftest.c >&5
configure:8367: $? = 0
configure:8367: result: yes
configure:8367: checking for string.h
configure:8367: gcc -c -g -O2  conftest.c >&5
configure:8367: $? = 0
configure:8367: result: yes
configure:8367: checking for memory.h
configure:8367: gcc -c -g -O2  conftest.c >&5
configure:8367: $? = 0
configure:8367: result: yes
configure:8367: checking for strings.h
configure:8367: gcc -c -g -O2  conftest.c >&5
configure:8367: $? = 0
configure:8367: result: yes
configure:8367: checking for inttypes.h
configure:8367: gcc -c -g -O2  conftest.c >&5
configure:8367: $? = 0
configure:8367: result: yes
configure:8367: checking for stdint.h
configure:8367: gcc -c -g -O2  conftest.c >&5
configure:8367: $? = 0
configure:8367: result: yes
configure:8367: checking for unistd.h
configure:8367: gcc -c -g -O2  conftest.c >&5
configure:8367: $? = 0
configure:8367: result: yes
configure:8381: checking for dlfcn.h
configure:8381: gcc -c -g -O2  conftest.c >&5
configure:8381: $? = 0
configure:8381: result: yes
configure:8648: checking for objdir
configure:8663: result: .libs
configure:8927: checking if gcc supports -fno-rtti -fno-exceptions
configure:8945: gcc -c -g -O2  -fno-rtti -fno-exceptions conftest.c >&5
cc1: warning: command line option '-fno-rtti' is valid for C++/ObjC++ but not for C
configure:8949: $? = 0
configure:8962: result: no
configure:9320: checking for gcc option to produce PIC
configure:9327: result: -fPIC -DPIC
configure:9335: checking if gcc PIC flag -fPIC -DPIC works
configure:9353: gcc -c -g -O2  -fPIC -DPIC -DPIC conftest.c >&5
configure:9357: $? = 0
configure:9370: result: yes
configure:9399: checking if gcc static flag -static works
configure:9427: result: yes
configure:9442: checking if gcc supports -c -o file.o
configure:9463: gcc -c -g -O2  -o out/conftest2.o conftest.c >&5
configure:9467: $? = 0
configure:9489: result: yes
configure:9497: checking if gcc supports -c -o file.o
configure:9544: result: yes
configure:9577: checking whether the gcc linker (/usr/bin/ld -m elf_x86_64) supports shared libraries
configure:10840: result: yes
configure:10877: checking whether -lc should be explicitly linked in
configure:10885: gcc -c -g -O2  conftest.c >&5
configure:10888: $? = 0
configure:10903: gcc -shared  -fPIC -DPIC conftest.o  -v -Wl,-soname -Wl,conftest -o conftest 2\>\&1 \| /bin/grep  -lc  \>/dev/null 2\>\&1
configure:10906: $? = 0
configure:10920: result: no
configure:11080: checking dynamic linker characteristics
configure:11661: gcc -o conftest -g -O2   -Wl,-rpath -Wl,/foo conftest.c  >&5
configure:11661: $? = 0
configure:11910: result: GNU/Linux ld.so
configure:12032: checking how to hardcode library paths into programs
configure:12057: result: immediate
configure:12605: checking whether stripping libraries is possible
configure:12610: result: yes
configure:12645: checking if libtool supports shared libraries
configure:12647: result: yes
configure:12650: checking whether to build shared libraries
configure:12675: result: yes
configure:12678: checking whether to build static libraries
configure:12682: result: yes
configure:12705: checking how to run the C++ preprocessor
configure:12732: g++ -E  conftest.cpp
configure:12732: $? = 0
configure:12746: g++ -E  conftest.cpp
conftest.cpp:23:28: fatal error: ac_nonexistent.h: No such file or directory
compilation terminated.
configure:12746: $? = 1
configure: failed program was:
| /* confdefs.h */
| #define PACKAGE_NAME "ethercat"
| #define PACKAGE_TARNAME "ethercat"
| #define PACKAGE_VERSION "1.5.2"
| #define PACKAGE_STRING "ethercat 1.5.2"
| #define PACKAGE_BUGREPORT "fp@igh-essen.com"
| #define PACKAGE_URL ""
| #define PACKAGE "ethercat"
| #define VERSION "1.5.2"
| #define STDC_HEADERS 1
| #define HAVE_SYS_TYPES_H 1
| #define HAVE_SYS_STAT_H 1
| #define HAVE_STDLIB_H 1
| #define HAVE_STRING_H 1
| #define HAVE_MEMORY_H 1
| #define HAVE_STRINGS_H 1
| #define HAVE_INTTYPES_H 1
| #define HAVE_STDINT_H 1
| #define HAVE_UNISTD_H 1
| #define HAVE_DLFCN_H 1
| #define LT_OBJDIR ".libs/"
| /* end confdefs.h.  */
| #include <ac_nonexistent.h>
configure:12771: result: g++ -E
configure:12791: g++ -E  conftest.cpp
configure:12791: $? = 0
configure:12805: g++ -E  conftest.cpp
conftest.cpp:23:28: fatal error: ac_nonexistent.h: No such file or directory
compilation terminated.
configure:12805: $? = 1
configure: failed program was:
| /* confdefs.h */
| #define PACKAGE_NAME "ethercat"
| #define PACKAGE_TARNAME "ethercat"
| #define PACKAGE_VERSION "1.5.2"
| #define PACKAGE_STRING "ethercat 1.5.2"
| #define PACKAGE_BUGREPORT "fp@igh-essen.com"
| #define PACKAGE_URL ""
| #define PACKAGE "ethercat"
| #define VERSION "1.5.2"
| #define STDC_HEADERS 1
| #define HAVE_SYS_TYPES_H 1
| #define HAVE_SYS_STAT_H 1
| #define HAVE_STDLIB_H 1
| #define HAVE_STRING_H 1
| #define HAVE_MEMORY_H 1
| #define HAVE_STRINGS_H 1
| #define HAVE_INTTYPES_H 1
| #define HAVE_STDINT_H 1
| #define HAVE_UNISTD_H 1
| #define HAVE_DLFCN_H 1
| #define LT_OBJDIR ".libs/"
| /* end confdefs.h.  */
| #include <ac_nonexistent.h>
configure:12967: checking for ld used by g++
configure:13034: result: /usr/bin/ld -m elf_x86_64
configure:13041: checking if the linker (/usr/bin/ld -m elf_x86_64) is GNU ld
configure:13056: result: yes
configure:13111: checking whether the g++ linker (/usr/bin/ld -m elf_x86_64) supports shared libraries
configure:14184: result: yes
configure:14220: g++ -c -g -O2  conftest.cpp >&5
configure:14223: $? = 0
configure:14704: checking for g++ option to produce PIC
configure:14711: result: -fPIC -DPIC
configure:14719: checking if g++ PIC flag -fPIC -DPIC works
configure:14737: g++ -c -g -O2  -fPIC -DPIC -DPIC conftest.cpp >&5
configure:14741: $? = 0
configure:14754: result: yes
configure:14777: checking if g++ static flag -static works
configure:14805: result: yes
configure:14817: checking if g++ supports -c -o file.o
configure:14838: g++ -c -g -O2  -o out/conftest2.o conftest.cpp >&5
configure:14842: $? = 0
configure:14864: result: yes
configure:14869: checking if g++ supports -c -o file.o
configure:14916: result: yes
configure:14946: checking whether the g++ linker (/usr/bin/ld -m elf_x86_64) supports shared libraries
configure:14989: result: yes
configure:15130: checking dynamic linker characteristics
configure:15887: result: GNU/Linux ld.so
configure:15952: checking how to hardcode library paths into programs
configure:15977: result: immediate
configure:16043: checking whether to build kernel modules
configure:16065: result: yes
configure:16109: checking for Linux kernel sources
configure:16146: result: /usr/src/linux-headers-4.8.0-58-generic (Kernel 4.8)
configure:16167: checking for Linux modules installation directory
configure:16169: result: ethercat
configure:16579: checking whether to build the CCAT driver
configure:16604: result: no
configure:16639: checking for RTAI path
configure:16643: result: not specified.
configure:16694: checking for Xenomai path
configure:16698: result: not specified.
configure:16763: checking whether to build RTDM interface
configure:16773: result: no
configure:16792: checking whether to build the debug interface
configure:16820: result: no
configure:16839: checking whether to build the debug ring
configure:16867: result: no
configure:16875: checking whether to build with EoE support
configure:16900: result: yes
configure:16922: checking whether to use the CPU timestamp counter
configure:16950: result: no
configure:16958: checking whether to use high-resolution timers for scheduling
configure:16986: result: no
configure:16994: checking whether to read alias addresses from registers
configure:17022: result: no
configure:17030: checking whether to force the reference clock to OP
configure:17058: result: no
configure:17066: checking whether to build the command-line tool
configure:17088: result: yes
configure:17108: checking whether to build the userspace library
configure:17130: result: yes
configure:17150: checking whether to build the tty driver
configure:17175: result: no
configure:17194: checking whether to allow identification wildcards
configure:17222: result: no
configure:17244: checking for number of Ethernet devices
configure:17254: result: 1 (Redundancy disabled)
configure:17269: checking whether to assign the SII to PDI
configure:17297: result: no
configure:17305: checking whether to syslog in realtime context
configure:17330: result: yes
configure:17341: checking whether to use loop control registers
configure:17369: result: no
configure:17486: checking that generated files are newer than configure
configure:17492: result: done
configure:17583: creating ./config.status

## ---------------------- ##
## Running config.status. ##
## ---------------------- ##

This file was extended by ethercat config.status 1.5.2, which was
generated by GNU Autoconf 2.69.  Invocation command line was

  CONFIG_FILES    = 
  CONFIG_HEADERS  = 
  CONFIG_LINKS    = 
  CONFIG_COMMANDS = 
  $ ./config.status 

on mikekaram

config.status:1255: creating Doxyfile
config.status:1255: creating Kbuild
config.status:1255: creating Makefile
config.status:1255: creating devices/Kbuild
config.status:1255: creating devices/Makefile
config.status:1255: creating devices/ccat/Kbuild
config.status:1255: creating devices/ccat/Makefile
config.status:1255: creating devices/e1000/Kbuild
config.status:1255: creating devices/e1000/Makefile
config.status:1255: creating devices/e1000e/Kbuild
config.status:1255: creating devices/e1000e/Makefile
config.status:1255: creating ethercat.spec
config.status:1255: creating examples/Kbuild
config.status:1255: creating examples/Makefile
config.status:1255: creating examples/dc_rtai/Kbuild
config.status:1255: creating examples/dc_rtai/Makefile
config.status:1255: creating examples/dc_user/Makefile
config.status:1255: creating examples/mini/Kbuild
config.status:1255: creating examples/mini/Makefile
config.status:1255: creating examples/rtai/Kbuild
config.status:1255: creating examples/rtai/Makefile
config.status:1255: creating examples/rtai_rtdm/Makefile
config.status:1255: creating examples/rtai_rtdm_dc/Makefile
config.status:1255: creating examples/tty/Kbuild
config.status:1255: creating examples/tty/Makefile
config.status:1255: creating examples/user/Makefile
config.status:1255: creating examples/xenomai/Makefile
config.status:1255: creating examples/xenomai_posix/Makefile
config.status:1255: creating include/Makefile
config.status:1255: creating lib/Makefile
config.status:1255: creating m4/Makefile
config.status:1255: creating master/Kbuild
config.status:1255: creating master/Makefile
config.status:1255: creating script/Makefile
config.status:1255: creating script/ethercat.service
config.status:1255: creating script/ethercatctl
config.status:1255: creating script/init.d/Makefile
config.status:1255: creating script/init.d/ethercat
config.status:1255: creating script/sysconfig/Makefile
config.status:1255: creating tool/Makefile
config.status:1255: creating tty/Kbuild
config.status:1255: creating tty/Makefile
config.status:1255: creating config.h
config.status:1484: executing depfiles commands
config.status:1484: executing libtool commands

## ---------------- ##
## Cache variables. ##
## ---------------- ##

ac_cv_build=x86_64-pc-linux-gnu
ac_cv_c_compiler_gnu=yes
ac_cv_cxx_compiler_gnu=yes
ac_cv_env_CCC_set=
ac_cv_env_CCC_value=
ac_cv_env_CC_set=
ac_cv_env_CC_value=
ac_cv_env_CFLAGS_set=
ac_cv_env_CFLAGS_value=
ac_cv_env_CPPFLAGS_set=
ac_cv_env_CPPFLAGS_value=
ac_cv_env_CPP_set=
ac_cv_env_CPP_value=
ac_cv_env_CXXCPP_set=
ac_cv_env_CXXCPP_value=
ac_cv_env_CXXFLAGS_set=
ac_cv_env_CXXFLAGS_value=
ac_cv_env_CXX_set=
ac_cv_env_CXX_value=
ac_cv_env_LDFLAGS_set=
ac_cv_env_LDFLAGS_value=
ac_cv_env_LIBS_set=
ac_cv_env_LIBS_value=
ac_cv_env_LT_SYS_LIBRARY_PATH_set=
ac_cv_env_LT_SYS_LIBRARY_PATH_value=
ac_cv_env_build_alias_set=
ac_cv_env_build_alias_value=
ac_cv_env_host_alias_set=
ac_cv_env_host_alias_value=
ac_cv_env_target_alias_set=
ac_cv_env_target_alias_value=
ac_cv_header_dlfcn_h=yes
ac_cv_header_inttypes_h=yes
ac_cv_header_memory_h=yes
ac_cv_header_stdc=yes
ac_cv_header_stdint_h=yes
ac_cv_header_stdlib_h=yes
ac_cv_header_string_h=yes
ac_cv_header_strings_h=yes
ac_cv_header_sys_stat_h=yes
ac_cv_header_sys_types_h=yes
ac_cv_header_unistd_h=yes
ac_cv_host=x86_64-pc-linux-gnu
ac_cv_objext=o
ac_cv_path_EGREP='/bin/grep -E'
ac_cv_path_FGREP='/bin/grep -F'
ac_cv_path_GREP=/bin/grep
ac_cv_path_SED=/bin/sed
ac_cv_path_install='/usr/bin/install -c'
ac_cv_path_lt_DD=/bin/dd
ac_cv_path_mkdir=/bin/mkdir
ac_cv_prog_AWK=gawk
ac_cv_prog_CPP='gcc -E'
ac_cv_prog_CXXCPP='g++ -E'
ac_cv_prog_ac_ct_AR=ar
ac_cv_prog_ac_ct_CC=gcc
ac_cv_prog_ac_ct_CXX=g++
ac_cv_prog_ac_ct_MANIFEST_TOOL=mt
ac_cv_prog_ac_ct_OBJDUMP=objdump
ac_cv_prog_ac_ct_RANLIB=ranlib
ac_cv_prog_ac_ct_STRIP=strip
ac_cv_prog_cc_c89=
ac_cv_prog_cc_g=yes
ac_cv_prog_cxx_g=yes
ac_cv_prog_make_make_set=yes
am_cv_CC_dependencies_compiler_type=gcc3
am_cv_CXX_dependencies_compiler_type=gcc3
am_cv_ar_interface=ar
am_cv_make_support_nested_variables=yes
am_cv_prog_cc_c_o=yes
lt_cv_ar_at_file=@
lt_cv_archive_cmds_need_lc=no
lt_cv_deplibs_check_method=pass_all
lt_cv_file_magic_cmd='$MAGIC_CMD'
lt_cv_file_magic_test_file=
lt_cv_ld_reload_flag=-r
lt_cv_nm_interface='BSD nm'
lt_cv_objdir=.libs
lt_cv_path_LD=/usr/bin/ld
lt_cv_path_LDCXX='/usr/bin/ld -m elf_x86_64'
lt_cv_path_NM='/usr/bin/nm -B'
lt_cv_path_mainfest_tool=no
lt_cv_prog_compiler_c_o=yes
lt_cv_prog_compiler_c_o_CXX=yes
lt_cv_prog_compiler_pic='-fPIC -DPIC'
lt_cv_prog_compiler_pic_CXX='-fPIC -DPIC'
lt_cv_prog_compiler_pic_works=yes
lt_cv_prog_compiler_pic_works_CXX=yes
lt_cv_prog_compiler_rtti_exceptions=no
lt_cv_prog_compiler_static_works=yes
lt_cv_prog_compiler_static_works_CXX=yes
lt_cv_prog_gnu_ld=yes
lt_cv_prog_gnu_ldcxx=yes
lt_cv_sharedlib_from_linklib_cmd='printf %s\n'
lt_cv_shlibpath_overrides_runpath=no
lt_cv_sys_global_symbol_pipe='sed -n -e '\''s/^.*[	 ]\([ABCDGIRSTW][ABCDGIRSTW]*\)[	 ][	 ]*\([_A-Za-z][_A-Za-z0-9]*\)$/\1 \2 \2/p'\'' | sed '\''/ __gnu_lto/d'\'''
lt_cv_sys_global_symbol_to_c_name_address='sed -n -e '\''s/^: \(.*\) .*$/  {"\1", (void *) 0},/p'\'' -e '\''s/^[ABCDGIRSTW][ABCDGIRSTW]* .* \(.*\)$/  {"\1", (void *) \&\1},/p'\'''
lt_cv_sys_global_symbol_to_c_name_address_lib_prefix='sed -n -e '\''s/^: \(.*\) .*$/  {"\1", (void *) 0},/p'\'' -e '\''s/^[ABCDGIRSTW][ABCDGIRSTW]* .* \(lib.*\)$/  {"\1", (void *) \&\1},/p'\'' -e '\''s/^[ABCDGIRSTW][ABCDGIRSTW]* .* \(.*\)$/  {"lib\1", (void *) \&\1},/p'\'''
lt_cv_sys_global_symbol_to_cdecl='sed -n -e '\''s/^T .* \(.*\)$/extern int \1();/p'\'' -e '\''s/^[ABCDGIRSTW][ABCDGIRSTW]* .* \(.*\)$/extern char \1;/p'\'''
lt_cv_sys_global_symbol_to_import=
lt_cv_sys_max_cmd_len=1572864
lt_cv_to_host_file_cmd=func_convert_file_noop
lt_cv_to_tool_file_cmd=func_convert_file_noop
lt_cv_truncate_bin='/bin/dd bs=4096 count=1'

## ----------------- ##
## Output variables. ##
## ----------------- ##

ACLOCAL='${SHELL} /home/mike/catkin_ws/src/ighm_ros/etherlabmaster-code-mercurial/ethercat-1.5.2-merc/autoconf/missing aclocal-1.15'
AMDEPBACKSLASH='\'
AMDEP_FALSE='#'
AMDEP_TRUE=''
AMTAR='$${TAR-tar}'
AM_BACKSLASH='\'
AM_DEFAULT_V='$(AM_DEFAULT_VERBOSITY)'
AM_DEFAULT_VERBOSITY='1'
AM_V='$(V)'
AR='ar'
AUTOCONF='${SHELL} /home/mike/catkin_ws/src/ighm_ros/etherlabmaster-code-mercurial/ethercat-1.5.2-merc/autoconf/missing autoconf'
AUTOHEADER='${SHELL} /home/mike/catkin_ws/src/ighm_ros/etherlabmaster-code-mercurial/ethercat-1.5.2-merc/autoconf/missing autoheader'
AUTOMAKE='${SHELL} /home/mike/catkin_ws/src/ighm_ros/etherlabmaster-code-mercurial/ethercat-1.5.2-merc/autoconf/missing automake-1.15'
AWK='gawk'
BUILD_TOOL_FALSE='#'
BUILD_TOOL_TRUE=''
CC='gcc'
CCDEPMODE='depmode=gcc3'
CFLAGS='-g -O2'
CPP='gcc -E'
CPPFLAGS=''
CXX='g++'
CXXCPP='g++ -E'
CXXDEPMODE='depmode=gcc3'
CXXFLAGS='-g -O2'
CYGPATH_W='echo'
DEFS='-DHAVE_CONFIG_H'
DEPDIR='.deps'
DLLTOOL='false'
DSYMUTIL=''
DUMPBIN=''
E1000E_LAYOUT='0'
ECHO_C=''
ECHO_N='-n'
ECHO_T=''
EGREP='/bin/grep -E'
ENABLE_8139TOO='0'
ENABLE_8139TOO_FALSE=''
ENABLE_8139TOO_TRUE='#'
ENABLE_CCAT='0'
ENABLE_CCAT_FALSE=''
ENABLE_CCAT_TRUE='#'
ENABLE_DEBUG_IF='0'
ENABLE_DEBUG_IF_FALSE=''
ENABLE_DEBUG_IF_TRUE='#'
ENABLE_E1000='0'
ENABLE_E1000E='0'
ENABLE_E1000E_FALSE=''
ENABLE_E1000E_TRUE='#'
ENABLE_E1000_FALSE=''
ENABLE_E1000_TRUE='#'
ENABLE_E100='0'
ENABLE_E100_FALSE=''
ENABLE_E100_TRUE='#'
ENABLE_EOE='1'
ENABLE_EOE_FALSE='#'
ENABLE_EOE_TRUE=''
ENABLE_GENERIC='1'
ENABLE_GENERIC_FALSE='#'
ENABLE_GENERIC_TRUE=''
ENABLE_KERNEL='1'
ENABLE_KERNEL_FALSE='#'
ENABLE_KERNEL_TRUE=''
ENABLE_R8169='0'
ENABLE_R8169_FALSE=''
ENABLE_R8169_TRUE='#'
ENABLE_RTAI='0'
ENABLE_RTAI_FALSE=''
ENABLE_RTAI_TRUE='#'
ENABLE_RTDM='0'
ENABLE_RTDM_FALSE=''
ENABLE_RTDM_TRUE='#'
ENABLE_TTY='0'
ENABLE_TTY_FALSE=''
ENABLE_TTY_TRUE='#'
ENABLE_USERLIB_FALSE='#'
ENABLE_USERLIB_TRUE=''
ENABLE_XENOMAI='0'
ENABLE_XENOMAI_FALSE=''
ENABLE_XENOMAI_TRUE='#'
EXEEXT=''
FGREP='/bin/grep -F'
GREP='/bin/grep'
INSTALL_DATA='${INSTALL} -m 644'
INSTALL_MOD_DIR='ethercat'
INSTALL_PROGRAM='${INSTALL}'
INSTALL_SCRIPT='${INSTALL}'
INSTALL_STRIP_PROGRAM='$(install_sh) -c -s'
KERNEL_8139TOO='4.8'
KERNEL_E1000='4.8'
KERNEL_E1000E='3.16'
KERNEL_E100='4.8'
KERNEL_R8169='4.8'
LD='/usr/bin/ld -m elf_x86_64'
LDFLAGS=''
LIBOBJS=''
LIBS=''
LIBTOOL='$(SHELL) $(top_builddir)/libtool'
LINUX_SOURCE_DIR='/usr/src/linux-headers-4.8.0-58-generic'
LIPO=''
LN_S='ln -s'
LTLIBOBJS=''
LT_SYS_LIBRARY_PATH=''
MAKEINFO='${SHELL} /home/mike/catkin_ws/src/ighm_ros/etherlabmaster-code-mercurial/ethercat-1.5.2-merc/autoconf/missing makeinfo'
MANIFEST_TOOL=':'
MKDIR_P='/bin/mkdir -p'
NM='/usr/bin/nm -B'
NMEDIT=''
OBJDUMP='objdump'
OBJEXT='o'
OTOOL64=''
OTOOL=''
PACKAGE='ethercat'
PACKAGE_BUGREPORT='fp@igh-essen.com'
PACKAGE_NAME='ethercat'
PACKAGE_STRING='ethercat 1.5.2'
PACKAGE_TARNAME='ethercat'
PACKAGE_URL=''
PACKAGE_VERSION='1.5.2'
PATH_SEPARATOR=':'
RANLIB='ranlib'
RTAI_DIR=''
RTAI_LXRT_CFLAGS=''
RTAI_LXRT_LDFLAGS=''
SED='/bin/sed'
SET_MAKE=''
SHELL='/bin/bash'
STRIP='strip'
VERSION='1.5.2'
XENOMAI_DIR=''
XENOMAI_NATIVE_CFLAGS=''
XENOMAI_NATIVE_LDFLAGS=''
XENOMAI_POSIX_CFLAGS=''
XENOMAI_POSIX_LDFLAGS=''
XENOMAI_RTDM_CFLAGS=''
XENOMAI_RTDM_LDFLAGS=''
ac_ct_AR='ar'
ac_ct_CC='gcc'
ac_ct_CXX='g++'
ac_ct_DUMPBIN=''
am__EXEEXT_FALSE=''
am__EXEEXT_TRUE='#'
am__fastdepCC_FALSE='#'
am__fastdepCC_TRUE=''
am__fastdepCXX_FALSE='#'
am__fastdepCXX_TRUE=''
am__include='include'
am__isrc=''
am__leading_dot='.'
am__nodep='_no'
am__quote=''
am__tar='$${TAR-tar} chof - "$$tardir"'
am__untar='$${TAR-tar} xf -'
bindir='${exec_prefix}/bin'
build='x86_64-pc-linux-gnu'
build_alias=''
build_cpu='x86_64'
build_os='linux-gnu'
build_vendor='pc'
datadir='${datarootdir}'
datarootdir='${prefix}/share'
docdir='${datarootdir}/doc/${PACKAGE_TARNAME}'
dvidir='${docdir}'
exec_prefix='${prefix}'
host='x86_64-pc-linux-gnu'
host_alias=''
host_cpu='x86_64'
host_os='linux-gnu'
host_vendor='pc'
htmldir='${docdir}'
includedir='${prefix}/include'
infodir='${datarootdir}/info'
install_sh='${SHELL} /home/mike/catkin_ws/src/ighm_ros/etherlabmaster-code-mercurial/ethercat-1.5.2-merc/autoconf/install-sh'
libdir='${exec_prefix}/lib'
libexecdir='${exec_prefix}/libexec'
localedir='${datarootdir}/locale'
localstatedir='${prefix}/var'
mandir='${datarootdir}/man'
mkdir_p='$(MKDIR_P)'
oldincludedir='/usr/include'
pdfdir='${docdir}'
prefix='/opt/etherlab'
program_transform_name='s,x,x,'
psdir='${docdir}'
runstatedir='${localstatedir}/run'
sbindir='${exec_prefix}/sbin'
sharedstatedir='${prefix}/com'
sysconfdir='${prefix}/etc'
target_alias=''

## ----------- ##
## confdefs.h. ##
## ----------- ##

/* confdefs.h */
#define PACKAGE_NAME "ethercat"
#define PACKAGE_TARNAME "ethercat"
#define PACKAGE_VERSION "1.5.2"
#define PACKAGE_STRING "ethercat 1.5.2"
#define PACKAGE_BUGREPORT "fp@igh-essen.com"
#define PACKAGE_URL ""
#define PACKAGE "ethercat"
#define VERSION "1.5.2"
#define STDC_HEADERS 1
#define HAVE_SYS_TYPES_H 1
#define HAVE_SYS_STAT_H 1
#define HAVE_STDLIB_H 1
#define HAVE_STRING_H 1
#define HAVE_MEMORY_H 1
#define HAVE_STRINGS_H 1
#define HAVE_INTTYPES_H 1
#define HAVE_STDINT_H 1
#define HAVE_UNISTD_H 1
#define HAVE_DLFCN_H 1
#define LT_OBJDIR ".libs/"
#define EC_EOE 1
#define EC_MAX_NUM_DEVICES 1
#define EC_RT_SYSLOG 1

configure: exit 0

## ---------------------- ##
## Running config.status. ##
## ---------------------- ##

This file was extended by ethercat config.status 1.5.2, which was
generated by GNU Autoconf 2.69.  Invocation command line was

  CONFIG_FILES    = 
  CONFIG_HEADERS  = 
  CONFIG_LINKS    = 
  CONFIG_COMMANDS = 
  $ ./config.status config.h

on mikekaram

config.status:1255: creating config.h
config.status:1436: config.h is unchanged
